0 info it worked if it ends with ok
1 verbose cli [ 'C:\\Program Files (x86)\\nodejs\\\\node.exe',
1 verbose cli   'C:\\Program Files (x86)\\nodejs\\node_modules\\npm\\bin\\npm-cli.js',
1 verbose cli   'publish',
1 verbose cli   './',
1 verbose cli   '--access',
1 verbose cli   'public' ]
2 info using npm@2.7.4
3 info using node@v0.12.2
4 verbose node symlink C:\Program Files (x86)\nodejs\\node.exe
5 verbose publish [ './' ]
6 silly cache add args [ './', null ]
7 verbose cache add spec ./
8 silly cache add parsed spec { raw: './',
8 silly cache add   scope: null,
8 silly cache add   name: null,
8 silly cache add   rawSpec: './',
8 silly cache add   spec: 'C:\\Users\\Hemn\\Documents\\GitHub\\Scrollax.js',
8 silly cache add   type: 'directory' }
9 verbose addLocalDirectory C:\Users\Hemn\AppData\Roaming\npm-cache\Scrollax\1.0.0\package.tgz not in flight; packing
10 verbose tar pack [ 'C:\\Users\\Hemn\\AppData\\Roaming\\npm-cache\\Scrollax\\1.0.0\\package.tgz',
10 verbose tar pack   'C:\\Users\\Hemn\\Documents\\GitHub\\Scrollax.js' ]
11 verbose tarball C:\Users\Hemn\AppData\Roaming\npm-cache\Scrollax\1.0.0\package.tgz
12 verbose folder C:\Users\Hemn\Documents\GitHub\Scrollax.js
13 info prepublish Scrollax@1.0.0
14 verbose addLocalTarball adding from inside cache C:\Users\Hemn\AppData\Roaming\npm-cache\Scrollax\1.0.0\package.tgz
15 silly cache afterAdd Scrollax@1.0.0
16 verbose afterAdd C:\Users\Hemn\AppData\Roaming\npm-cache\Scrollax\1.0.0\package\package.json not in flight; writing
17 verbose afterAdd C:\Users\Hemn\AppData\Roaming\npm-cache\Scrollax\1.0.0\package\package.json written
18 silly publish { name: 'Scrollax',
18 silly publish   version: '1.0.0',
18 silly publish   description: 'Smart, Super smooth, cross-browser, and easy-to-use parallax scrolling effect plugin you have ever seen!',
18 silly publish   main: 'scrollax.min.js',
18 silly publish   repository:
18 silly publish    { type: 'git',
18 silly publish      url: 'https://github.com/iprodev/Scrollax.js.git' },
18 silly publish   keywords: [ 'scrolling', 'parallax', 'scroll', 'effect', 'animation', 'easy' ],
18 silly publish   devDependencies:
18 silly publish    { 'grunt-contrib-jshint': '~0.7.2',
18 silly publish      'grunt-contrib-uglify': '~0.6.0',
18 silly publish      'grunt-contrib-concat': '~0.3.0',
18 silly publish      'grunt-contrib-clean': '~0.5.0',
18 silly publish      'grunt-tagrelease': '~0.2.1',
18 silly publish      'grunt-bumpup': '~0.4.2',
18 silly publish      grunt: '~0.4.2' },
18 silly publish   author:
18 silly publish    { name: 'iProDev',
18 silly publish      email: 'chavroka@gmail.com',
18 silly publish      url: 'http://iprodev.com' },
18 silly publish   license: 'MIT',
18 silly publish   bugs: { url: 'https://github.com/iprodev/Scrollax.js/issues' },
18 silly publish   homepage: 'https://iprodev.github.io/Scrollax.js',
18 silly publish   directories: { doc: 'docs' },
18 silly publish   scripts: { test: 'echo "Error: no test specified" && exit 1' },
18 silly publish   readme: '# [Scrollax.js](https://iprodev.github.io/Scrollax.js)\r\n\r\nSmart, Super smooth, cross-browser, and easy-to-use parallax scrolling effect plugin you have ever seen!\r\n\r\nScrollax.js features:\r\n\r\n- Highly optimized scrolling rendering\r\n- GPU accelerated\r\n- Set custom ratio for any CSS property\r\n- Don\'t parallax elments that are not in the viewport\r\n- Horizontal & Vertical scrolling supports\r\n- Lots of super useful methods\r\n\r\n... and has a powerful & developer friendly API!\r\n\r\nThat\'s all build around a custom highly optimized scrolling rendering, and GPU accelerated.\r\n\r\n#### Dependencies\r\n\r\n- jQuery 1.7+\r\n\r\n#### Compatibility\r\n\r\nWorks everywhere, even in IE6+ abominations, but that is a complete accident :) IE 6-7 are not officially supported.\r\n\r\n## Usage\r\n\r\nConstructor:\r\n\r\n```js\r\nvar frame = new Scrollax(window).init();\r\n```\r\n\r\njQuery proxy:\r\n\r\n```js\r\n$(window).Scrollax();\r\n```\r\nor\r\n```js\r\n$.Scrollax();\r\n```\r\n\r\njQuery proxy is good when you want to create an instance and forget about it. For anything more complex, like using methods, events, accessing instance properties, ... use the constructor and work with the instance directly.\r\n\r\n## Download\r\n\r\nLatest stable release:\r\n\r\n- [Production `scrollax.min.js`](https://raw.github.com/iprodev/Scrollax.js/master/scrollax.min.js) - 7KB, 3KB gzipped\r\n- [Development `scrollax.js`](https://raw.github.com/iprodev/Scrollax.js/master/scrollax.js) - 22KB\r\n\r\nWhen isolating issues on jsfiddle, you can use this URL:\r\n\r\n- [http://iprodev.github.io/Scrollax.js/lib/scrollax.min.js](http://iprodev.github.io/Scrollax.js/lib/scrollax.min.js)\r\n\r\n## Documentation\r\n\r\nCan be found in the [docs](https://github.com/iprodev/Scrollax.js/tree/master/docs) directory.\r\n\r\n## Contributing\r\n\r\nPlease, read the [Contributing Guidelines](CONTRIBUTING.md) for this project.\r\n\r\n## License\r\n\r\nMIT',
18 silly publish   readmeFilename: 'README.md',
18 silly publish   gitHead: '89e6ba69c6177c940ea45495800e03c6389a840a',
18 silly publish   _id: 'Scrollax@1.0.0',
18 silly publish   _shasum: '119c02bfecd5949901e4599f09dd4dfb73c0c8ee',
18 silly publish   _from: '.' }
19 silly mapToRegistry name Scrollax
20 silly mapToRegistry using default registry
21 silly mapToRegistry registry https://registry.npmjs.org/
22 silly mapToRegistry uri https://registry.npmjs.org/Scrollax
23 verbose publish registryBase https://registry.npmjs.org/
24 silly publish uploading C:\Users\Hemn\AppData\Roaming\npm-cache\Scrollax\1.0.0\package.tgz
25 verbose stack Error: Invalid name: "Scrollax"
25 verbose stack     at ensureValidName (C:\Program Files (x86)\nodejs\node_modules\npm\node_modules\normalize-package-data\lib\fixer.js:322:15)
25 verbose stack     at Object.module.exports.fixNameField (C:\Program Files (x86)\nodejs\node_modules\npm\node_modules\normalize-package-data\lib\fixer.js:211:5)
25 verbose stack     at CachingRegistryClient.publish (C:\Program Files (x86)\nodejs\node_modules\npm\node_modules\npm-registry-client\lib\publish.js:41:11)
25 verbose stack     at C:\Program Files (x86)\nodejs\node_modules\npm\lib\publish.js:144:14
25 verbose stack     at mapToRegistry (C:\Program Files (x86)\nodejs\node_modules\npm\lib\utils\map-to-registry.js:55:3)
25 verbose stack     at publish_ (C:\Program Files (x86)\nodejs\node_modules\npm\lib\publish.js:114:3)
25 verbose stack     at Array.<anonymous> (C:\Program Files (x86)\nodejs\node_modules\npm\node_modules\slide\lib\bind-actor.js:15:8)
25 verbose stack     at LOOP (C:\Program Files (x86)\nodejs\node_modules\npm\node_modules\slide\lib\chain.js:15:14)
25 verbose stack     at LOOP (C:\Program Files (x86)\nodejs\node_modules\npm\node_modules\slide\lib\chain.js:14:28)
25 verbose stack     at chain (C:\Program Files (x86)\nodejs\node_modules\npm\node_modules\slide\lib\chain.js:20:5)
26 verbose cwd C:\Users\Hemn\Documents\GitHub\Scrollax.js
27 error Windows_NT 6.3.9600
28 error argv "C:\\Program Files (x86)\\nodejs\\\\node.exe" "C:\\Program Files (x86)\\nodejs\\node_modules\\npm\\bin\\npm-cli.js" "publish" "./" "--access" "public"
29 error node v0.12.2
30 error npm  v2.7.4
31 error Invalid name: "Scrollax"
32 error If you need help, you may report this error at:
32 error     <https://github.com/npm/npm/issues>
33 verbose exit [ 1, true ]
